<?xml version="1.0" encoding="UTF-8"?>
<!-- Generated by org.testng.reporters.JUnitXMLReporter -->
<testsuite hostname="LAPTOP-LO7MB9TB" ignored="0" name="SmokeTest" tests="50" failures="0" timestamp="2021-03-18T18:05:17 IST" time="510.31" errors="0">
  <testcase name="homePageSmoke" time="56.707" classname="cheers.cognizant.testcases.TestCases"/>
  <testcase name="shoppingPageSmoke" time="16.926" classname="cheers.cognizant.testcases.TestCases"/>
  <testcase name="regression_1" time="17.221" classname="cheers.cognizant.testcases.TestCases"/>
  <testcase name="regression_2" time="6.229" classname="cheers.cognizant.testcases.TestCases"/>
  <testcase name="checkHomeButton" time="15.506" classname="cheers.cognizant.testcases.TestCases"/>
  <testcase name="checkCognizantLogo" time="3.922" classname="cheers.cognizant.testcases.TestCases"/>
  <testcase name="checkCheersButton" time="7.551" classname="cheers.cognizant.testcases.TestCases"/>
  <testcase name="checkStoreButton" time="7.632" classname="cheers.cognizant.testcases.TestCases"/>
  <testcase name="checkCartButton" time="9.425" classname="cheers.cognizant.testcases.TestCases"/>
  <testcase name="checkPointsButton" time="7.929" classname="cheers.cognizant.testcases.TestCases"/>
  <testcase name="checkDropdownButton" time="4.507" classname="cheers.cognizant.testcases.TestCases"/>
  <testcase name="checkControlBarMyAwardsButton" time="5.902" classname="cheers.cognizant.testcases.TestCases"/>
  <testcase name="checkControlBarMyOrdersButton" time="6.446" classname="cheers.cognizant.testcases.TestCases"/>
  <testcase name="checkControlBarLogoutButton" time="6.382" classname="cheers.cognizant.testcases.TestCases"/>
  <testcase name="checkGridRedeem" time="3.799" classname="cheers.cognizant.testcases.TestCases"/>
  <testcase name="checkGridRecognize" time="7.229" classname="cheers.cognizant.testcases.TestCases"/>
  <testcase name="checkNavRedeem" time="4.502" classname="cheers.cognizant.testcases.TestCases"/>
  <testcase name="checkNavRecognizeButton" time="3.965" classname="cheers.cognizant.testcases.TestCases"/>
  <testcase name="checkFooterTermsOfUseButton" time="2.285" classname="cheers.cognizant.testcases.TestCases"/>
  <testcase name="checkFooterPrivacyPolicyButton" time="2.748" classname="cheers.cognizant.testcases.TestCases"/>
  <testcase name="checkFooterCookiePolicyButton" time="2.458" classname="cheers.cognizant.testcases.TestCases"/>
  <testcase name="checkFooterContactUsButton" time="2.718" classname="cheers.cognizant.testcases.TestCases"/>
  <testcase name="checkProgramInformationButton" time="2.924" classname="cheers.cognizant.testcases.TestCases"/>
  <testcase name="checkContactUsButton" time="2.473" classname="cheers.cognizant.testcases.TestCases"/>
  <testcase name="fetchInternationalNumber" time="4.641" classname="cheers.cognizant.testcases.TestCases"/>
  <testcase name="checkingFindingAColleaguetextbox" time="4.125" classname="cheers.cognizant.testcases.TestCases"/>
  <testcase name="fetchingTheNameAfterFindingColleague" time="5.66" classname="cheers.cognizant.testcases.TestCases"/>
  <testcase name="checkingMyDashboardButton" time="12.069" classname="cheers.cognizant.testcases.TestCases"/>
  <testcase name="checkingMyAwardsButton" time="13.7" classname="cheers.cognizant.testcases.TestCases"/>
  <testcase name="checkingMyNominationsPageElements" time="11.37" classname="cheers.cognizant.testcases.TestCases"/>
  <testcase name="checkingMyMobilePageElements" time="10.558" classname="cheers.cognizant.testcases.TestCases"/>
  <testcase name="checkingMySettingsPageElements" time="29.711" classname="cheers.cognizant.testcases.TestCases"/>
  <testcase name="checkingMyOrdersPageElements" time="17.347" classname="cheers.cognizant.testcases.TestCases"/>
  <testcase name="printingUserNameOfMyDashboard" time="5.108" classname="cheers.cognizant.testcases.TestCases"/>
  <testcase name="fetchingMyAwardsPagetext" time="8.881" classname="cheers.cognizant.testcases.TestCases"/>
  <testcase name="fetchingListOfCollaguesInNominationsPage" time="12.925" classname="cheers.cognizant.testcases.TestCases"/>
  <testcase name="fetchingListOfMobileFeatures" time="8.612" classname="cheers.cognizant.testcases.TestCases"/>
  <testcase name="changingTheProfilePicture" time="14.71" classname="cheers.cognizant.testcases.TestCases"/>
  <testcase name="changingTheBackgroundPicture" time="21.282" classname="cheers.cognizant.testcases.TestCases"/>
  <testcase name="checkingTheSearchBoxShoppingPage" time="11.445" classname="cheers.cognizant.testcases.TestCases"/>
  <testcase name="checkingTheShopAllButtonShoppingPage" time="10.47" classname="cheers.cognizant.testcases.TestCases"/>
  <testcase name="checkingTheEditorPicksButtonShoppingPage" time="9.207" classname="cheers.cognizant.testcases.TestCases"/>
  <testcase name="checkingTheTopBrandsButtonShoppingPage" time="8.822" classname="cheers.cognizant.testcases.TestCases"/>
  <testcase name="fetchingShopallSublistShoppingPage" time="10.203" classname="cheers.cognizant.testcases.TestCases"/>
  <testcase name="fetchingEditorPicks1SublistShoppingPage" time="9.245" classname="cheers.cognizant.testcases.TestCases"/>
  <testcase name="fetchingTopBrandsListShoppingPage" time="9.775" classname="cheers.cognizant.testcases.TestCases"/>
  <testcase name="fetchingFeaturedFindsListShoppingPage" time="11.523" classname="cheers.cognizant.testcases.TestCases"/>
  <testcase name="fetchingTrendingListShoppingPage" time="9.287" classname="cheers.cognizant.testcases.TestCases"/>
  <testcase name="fetchingEditorPicks2ListShoppingPage" time="10.695" classname="cheers.cognizant.testcases.TestCases"/>
  <testcase name="searchingResultsInshoppingPage" time="17.078" classname="cheers.cognizant.testcases.TestCases"/>
</testsuite> <!-- SmokeTest -->
