<?xml version="1.0" encoding="UTF-8"?>
<!-- Generated by org.testng.reporters.JUnitXMLReporter -->
<testsuite hostname="LAPTOP-LO7MB9TB" ignored="3" tests="0" failures="0" timestamp="2021-03-18T17:22:54 IST" time="0.002" errors="0">
  <testcase name="shoppingPageSmoke" time="0.0" classname="cheers.cognizant.testcases.TestCases">
    <ignored/>
  </testcase> <!-- shoppingPageSmoke -->
  <testcase name="homePageSmoke" time="0.0" classname="cheers.cognizant.testcases.TestCases">
    <ignored/>
  </testcase> <!-- homePageSmoke -->
  <testcase name="checkHomeButton" time="0.0" classname="cheers.cognizant.testcases.TestCases">
    <ignored/>
  </testcase> <!-- checkHomeButton -->
</testsuite>
