<?xml version="1.0" encoding="UTF-8"?>
<!-- Generated by org.testng.reporters.JUnitXMLReporter -->
<testsuite hostname="LAPTOP-LO7MB9TB" ignored="0" name="SmokeTest" tests="50" failures="0" timestamp="2021-03-19T01:11:31 IST" time="466.649" errors="0">
  <testcase name="homePageSmoke" time="61.336" classname="cheers.cognizant.testcases.TestCases"/>
  <testcase name="shoppingPageSmoke" time="14.816" classname="cheers.cognizant.testcases.TestCases"/>
  <testcase name="regression_1" time="13.029" classname="cheers.cognizant.testcases.TestCases"/>
  <testcase name="regression_2" time="5.245" classname="cheers.cognizant.testcases.TestCases"/>
  <testcase name="checkHomeButton" time="3.587" classname="cheers.cognizant.testcases.TestCases"/>
  <testcase name="checkCognizantLogo" time="3.874" classname="cheers.cognizant.testcases.TestCases"/>
  <testcase name="checkCheersButton" time="5.709" classname="cheers.cognizant.testcases.TestCases"/>
  <testcase name="checkStoreButton" time="7.771" classname="cheers.cognizant.testcases.TestCases"/>
  <testcase name="checkCartButton" time="8.75" classname="cheers.cognizant.testcases.TestCases"/>
  <testcase name="checkPointsButton" time="7.185" classname="cheers.cognizant.testcases.TestCases"/>
  <testcase name="checkDropdownButton" time="3.451" classname="cheers.cognizant.testcases.TestCases"/>
  <testcase name="checkControlBarMyAwardsButton" time="5.183" classname="cheers.cognizant.testcases.TestCases"/>
  <testcase name="checkControlBarMyOrdersButton" time="5.959" classname="cheers.cognizant.testcases.TestCases"/>
  <testcase name="checkControlBarLogoutButton" time="4.909" classname="cheers.cognizant.testcases.TestCases"/>
  <testcase name="checkGridRedeem" time="3.52" classname="cheers.cognizant.testcases.TestCases"/>
  <testcase name="checkGridRecognize" time="10.24" classname="cheers.cognizant.testcases.TestCases"/>
  <testcase name="checkNavRedeem" time="3.34" classname="cheers.cognizant.testcases.TestCases"/>
  <testcase name="checkNavRecognizeButton" time="4.918" classname="cheers.cognizant.testcases.TestCases"/>
  <testcase name="checkFooterTermsOfUseButton" time="1.702" classname="cheers.cognizant.testcases.TestCases"/>
  <testcase name="checkFooterPrivacyPolicyButton" time="2.459" classname="cheers.cognizant.testcases.TestCases"/>
  <testcase name="checkFooterCookiePolicyButton" time="2.167" classname="cheers.cognizant.testcases.TestCases"/>
  <testcase name="checkFooterContactUsButton" time="2.226" classname="cheers.cognizant.testcases.TestCases"/>
  <testcase name="checkProgramInformationButton" time="2.939" classname="cheers.cognizant.testcases.TestCases"/>
  <testcase name="checkContactUsButton" time="2.503" classname="cheers.cognizant.testcases.TestCases"/>
  <testcase name="fetchInternationalNumber" time="3.201" classname="cheers.cognizant.testcases.TestCases"/>
  <testcase name="checkingFindingAColleaguetextbox" time="4.33" classname="cheers.cognizant.testcases.TestCases"/>
  <testcase name="fetchingTheNameAfterFindingColleague" time="5.625" classname="cheers.cognizant.testcases.TestCases"/>
  <testcase name="checkingMyDashboardButton" time="6.907" classname="cheers.cognizant.testcases.TestCases"/>
  <testcase name="checkingMyAwardsButton" time="11.692" classname="cheers.cognizant.testcases.TestCases"/>
  <testcase name="checkingMyNominationsPageElements" time="9.547" classname="cheers.cognizant.testcases.TestCases"/>
  <testcase name="checkingMyMobilePageElements" time="9.266" classname="cheers.cognizant.testcases.TestCases"/>
  <testcase name="checkingMySettingsPageElements" time="30.773" classname="cheers.cognizant.testcases.TestCases"/>
  <testcase name="checkingMyOrdersPageElements" time="17.131" classname="cheers.cognizant.testcases.TestCases"/>
  <testcase name="printingUserNameOfMyDashboard" time="4.047" classname="cheers.cognizant.testcases.TestCases"/>
  <testcase name="fetchingMyAwardsPagetext" time="9.668" classname="cheers.cognizant.testcases.TestCases"/>
  <testcase name="fetchingListOfColleaguesInNominationsPage" time="12.719" classname="cheers.cognizant.testcases.TestCases"/>
  <testcase name="fetchingListOfMobileFeatures" time="8.638" classname="cheers.cognizant.testcases.TestCases"/>
  <testcase name="changingTheProfilePicture" time="14.852" classname="cheers.cognizant.testcases.TestCases"/>
  <testcase name="changingTheBackgroundPicture" time="20.238" classname="cheers.cognizant.testcases.TestCases"/>
  <testcase name="checkingTheSearchBoxShoppingPage" time="9.861" classname="cheers.cognizant.testcases.TestCases"/>
  <testcase name="checkingTheShopAllButtonShoppingPage" time="8.87" classname="cheers.cognizant.testcases.TestCases"/>
  <testcase name="checkingTheEditorPicksButtonShoppingPage" time="8.053" classname="cheers.cognizant.testcases.TestCases"/>
  <testcase name="checkingTheTopBrandsButtonShoppingPage" time="8.212" classname="cheers.cognizant.testcases.TestCases"/>
  <testcase name="fetchingShopallSublistShoppingPage" time="9.289" classname="cheers.cognizant.testcases.TestCases"/>
  <testcase name="fetchingEditorPicks1SublistShoppingPage" time="9.091" classname="cheers.cognizant.testcases.TestCases"/>
  <testcase name="fetchingTopBrandsListShoppingPage" time="8.812" classname="cheers.cognizant.testcases.TestCases"/>
  <testcase name="fetchingFeaturedFindsListShoppingPage" time="10.77" classname="cheers.cognizant.testcases.TestCases"/>
  <testcase name="fetchingTrendingListShoppingPage" time="7.799" classname="cheers.cognizant.testcases.TestCases"/>
  <testcase name="fetchingEditorPicks2ListShoppingPage" time="9.702" classname="cheers.cognizant.testcases.TestCases"/>
  <testcase name="searchingResultsInshoppingPage" time="16.809" classname="cheers.cognizant.testcases.TestCases"/>
</testsuite> <!-- SmokeTest -->
